1111100000
1111200000
1111300000
7199999999
1112100000
3112210000
3321200010
7199999999
1224020028
3221900005
1111200000
3112210000
3321200016
7199999999
1224020048
3221900011
1111200000
1111300000
3112210000
3321200025
1132420028
1134520048
2312450000
2112340000
3221900018
1112030000
7299999999
9999999999
#locatie 48
#locatie 68
#symbool BW1                               0000000005
#symbool EW1                               0000000010
#symbool BW2                               0000000011
#symbool EW2                               0000000016
#symbool BW3                               0000000018
#symbool EW3                               0000000025
#symbool A                                 0000000028
#symbool B                                 0000000048
