1111100000
1111200000
1111300000
1111400000
7199999999
1112300000
7199999999
1112400000
3112310000
3321300022
3112420000
3321300019
7199999999
1111500020
2312510000
2112520000
1222050070
2111200001
3221900010
1111200000
2111100001
3221900008
1111100000
3112310000
3321300037
3112420000
3321300034
7199999999
1111500020
2312510000
2112520000
1222050270
2111200001
3221900025
1111200000
2111100001
3221900023
1111100000
3112310000
3321300053
3112420000
3321300050
1111500020
2312510000
2112520000
1132650070
2332650270
1222650470
2111200001
3221900040
1111200000
2111100001
3221900038
1111100000
3112310000
3321300068
3112420000
3321300065
1111500020
2312510000
2112520000
1132050470
7299999999
2111200001
3221900056
1111200000
2111100001
3221900054
1111100000
9999999999
#locatie 270
#locatie 470
#locatie 670
#symbool BEGFI1                            0000000008
#symbool BEGFJ1                            0000000010
#symbool EINFJ1                            0000000019
#symbool EINFI1                            0000000022
#symbool BEGFI2                            0000000023
#symbool BEGFJ2                            0000000025
#symbool EINFJ2                            0000000034
#symbool EINFI2                            0000000037
#symbool BEGFI3                            0000000038
#symbool BEGFJ3                            0000000040
#symbool EINFJ3                            0000000050
#symbool EINFI3                            0000000053
#symbool BEGFI4                            0000000054
#symbool BEGFJ4                            0000000056
#symbool EINFJ4                            0000000065
#symbool EINFI4                            0000000068
#symbool A                                 0000000070
#symbool B                                 0000000270
#symbool C                                 0000000470
