1111500000
1111400000
1111300000
1111200000
7199999999
1112100000
3112210000
3321200020
7199999999
2111200001
3111000000
3321800014
2111300001
3221900006
3111000000
3321300018
2111400001
3221900006
2111500001
3221900006
1112030000
7299999999
1112040000
7299999999
1112050000
7299999999
9999999999
#symbool WHILE                             0000000006
#symbool ELSEIF                            0000000014
#symbool ELSE                              0000000018
#symbool PRINT                             0000000020
